{
  "D:\\bank-Acc\\src\\app\\app-routing.module.ts": {
    "path": "D:\\bank-Acc\\src\\app\\app-routing.module.ts",
    "statementMap": {
      "0": {
        "start": {
          "line": 4,
          "column": 15
        },
        "end": {
          "line": 10,
          "column": 2
        }
      },
      "1": {
        "start": {
          "line": 6,
          "column": 22
        },
        "end": {
          "line": 6,
          "column": 74
        }
      },
      "2": {
        "start": {
          "line": 6,
          "column": 61
        },
        "end": {
          "line": 6,
          "column": 73
        }
      },
      "3": {
        "start": {
          "line": 9,
          "column": 22
        },
        "end": {
          "line": 9,
          "column": 74
        }
      },
      "4": {
        "start": {
          "line": 9,
          "column": 61
        },
        "end": {
          "line": 9,
          "column": 73
        }
      },
      "5": {
        "start": {
          "line": 11,
          "column": 43
        },
        "end": {
          "line": 23,
          "column": 4
        }
      },
      "6": {
        "start": {
          "line": 13,
          "column": 2
        },
        "end": {
          "line": 15,
          "column": 4
        }
      },
      "7": {
        "start": {
          "line": 14,
          "column": 4
        },
        "end": {
          "line": 14,
          "column": 41
        }
      },
      "8": {
        "start": {
          "line": 16,
          "column": 2
        },
        "end": {
          "line": 18,
          "column": 5
        }
      },
      "9": {
        "start": {
          "line": 19,
          "column": 2
        },
        "end": {
          "line": 21,
          "column": 5
        }
      },
      "10": {
        "start": {
          "line": 22,
          "column": 2
        },
        "end": {
          "line": 22,
          "column": 26
        }
      }
    },
    "fnMap": {
      "0": {
        "name": "(anonymous_0)",
        "decl": {
          "start": {
            "line": 6,
            "column": 16
          },
          "end": {
            "line": 6,
            "column": 17
          }
        },
        "loc": {
          "start": {
            "line": 6,
            "column": 22
          },
          "end": {
            "line": 6,
            "column": 74
          }
        },
        "line": 6
      },
      "1": {
        "name": "(anonymous_1)",
        "decl": {
          "start": {
            "line": 6,
            "column": 56
          },
          "end": {
            "line": 6,
            "column": 57
          }
        },
        "loc": {
          "start": {
            "line": 6,
            "column": 61
          },
          "end": {
            "line": 6,
            "column": 73
          }
        },
        "line": 6
      },
      "2": {
        "name": "(anonymous_2)",
        "decl": {
          "start": {
            "line": 9,
            "column": 16
          },
          "end": {
            "line": 9,
            "column": 17
          }
        },
        "loc": {
          "start": {
            "line": 9,
            "column": 22
          },
          "end": {
            "line": 9,
            "column": 74
          }
        },
        "line": 9
      },
      "3": {
        "name": "(anonymous_3)",
        "decl": {
          "start": {
            "line": 9,
            "column": 56
          },
          "end": {
            "line": 9,
            "column": 57
          }
        },
        "loc": {
          "start": {
            "line": 9,
            "column": 61
          },
          "end": {
            "line": 9,
            "column": 73
          }
        },
        "line": 9
      },
      "4": {
        "name": "(anonymous_4)",
        "decl": {
          "start": {
            "line": 11,
            "column": 44
          },
          "end": {
            "line": 11,
            "column": 45
          }
        },
        "loc": {
          "start": {
            "line": 11,
            "column": 50
          },
          "end": {
            "line": 23,
            "column": 1
          }
        },
        "line": 11
      },
      "5": {
        "name": "AppRoutingModule_Factory",
        "decl": {
          "start": {
            "line": 13,
            "column": 35
          },
          "end": {
            "line": 13,
            "column": 59
          }
        },
        "loc": {
          "start": {
            "line": 13,
            "column": 63
          },
          "end": {
            "line": 15,
            "column": 3
          }
        },
        "line": 13
      }
    },
    "branchMap": {
      "0": {
        "loc": {
          "start": {
            "line": 14,
            "column": 16
          },
          "end": {
            "line": 14,
            "column": 37
          }
        },
        "type": "binary-expr",
        "locations": [
          {
            "start": {
              "line": 14,
              "column": 16
            },
            "end": {
              "line": 14,
              "column": 17
            }
          },
          {
            "start": {
              "line": 14,
              "column": 21
            },
            "end": {
              "line": 14,
              "column": 37
            }
          }
        ],
        "line": 14
      }
    },
    "s": {
      "0": 4,
      "1": 4,
      "2": 4,
      "3": 2,
      "4": 2,
      "5": 4,
      "6": 4,
      "7": 4,
      "8": 4,
      "9": 4,
      "10": 4
    },
    "f": {
      "0": 4,
      "1": 4,
      "2": 2,
      "3": 2,
      "4": 4,
      "5": 4
    },
    "b": {
      "0": [
        4,
        4
      ]
    },
    "inputSourceMap": {
      "version": 3,
      "mappings": "AACA,SAASA,YAAY,QAAgB,iBAAiB;;;AAEtD,MAAMC,MAAM,GAAW,CACrB;EACEC,IAAI,EAAC,EAAE;EACPC,YAAY,EAAC,MACb,MAAM,CAAC,oBAAoB,CAAC,CAACC,IAAI,CAACC,CAAC,IAAEA,CAAC,CAACC,UAAU;CAClD,EACD;EACEJ,IAAI,EAAC,EAAE;EACPC,YAAY,EAAC,MACb,MAAM,CAAC,oBAAoB,CAAC,CAACC,IAAI,CAACC,CAAC,IAAEA,CAAC,CAACE,UAAU;CAClD,CACF;AAMD,WAAaC,gBAAgB;EAAvB,MAAOA,gBAAgB;EAAhBA,gBAAgB;qBAAhBA,gBAAgB;EAAA;EAAhBA,gBAAgB;UAAhBA;EAAgB;EAAhBA,gBAAgB;cAHjBR,YAAY,CAACS,OAAO,CAACR,MAAM,CAAC,EAC5BD,YAAY;EAAA;EAAA,OAEXQ,gBAAgB;AAAA",
      "names": [
        "RouterModule",
        "routes",
        "path",
        "loadChildren",
        "then",
        "m",
        "AuthModule",
        "BaseModule",
        "AppRoutingModule",
        "forRoot"
      ],
      "sourceRoot": "",
      "sources": [
        "D:\\bank-Acc\\src\\app\\app-routing.module.ts"
      ],
      "sourcesContent": [
        "import { NgModule } from '@angular/core';\nimport { RouterModule, Routes } from '@angular/router';\n\nconst routes: Routes = [\n  {\n    path:'',\n    loadChildren:()=>\n    import('./auth/auth.module').then(m=>m.AuthModule)\n  },\n  {\n    path:'',\n    loadChildren:()=>\n    import('./base/base.module').then(m=>m.BaseModule)\n  }\n];\n\n@NgModule({\n  imports: [RouterModule.forRoot(routes)],\n  exports: [RouterModule]\n})\nexport class AppRoutingModule { }\n"
      ]
    },
    "_coverageSchema": "1a1c01bbd47fc00a2c39e90264f33305004495a9",
    "hash": "f9729f8a4fc7229fa481a48bf44b2b4226e6be1f"
  },
  "D:\\bank-Acc\\src\\app\\app.component.ts": {
    "path": "D:\\bank-Acc\\src\\app\\app.component.ts",
    "statementMap": {
      "0": {
        "start": {
          "line": 3,
          "column": 39
        },
        "end": {
          "line": 28,
          "column": 4
        }
      },
      "1": {
        "start": {
          "line": 6,
          "column": 6
        },
        "end": {
          "line": 6,
          "column": 30
        }
      },
      "2": {
        "start": {
          "line": 9,
          "column": 2
        },
        "end": {
          "line": 11,
          "column": 4
        }
      },
      "3": {
        "start": {
          "line": 10,
          "column": 4
        },
        "end": {
          "line": 10,
          "column": 37
        }
      },
      "4": {
        "start": {
          "line": 12,
          "column": 2
        },
        "end": {
          "line": 26,
          "column": 5
        }
      },
      "5": {
        "start": {
          "line": 19,
          "column": 6
        },
        "end": {
          "line": 23,
          "column": 7
        }
      },
      "6": {
        "start": {
          "line": 20,
          "column": 8
        },
        "end": {
          "line": 20,
          "column": 39
        }
      },
      "7": {
        "start": {
          "line": 21,
          "column": 8
        },
        "end": {
          "line": 21,
          "column": 41
        }
      },
      "8": {
        "start": {
          "line": 22,
          "column": 8
        },
        "end": {
          "line": 22,
          "column": 26
        }
      },
      "9": {
        "start": {
          "line": 27,
          "column": 2
        },
        "end": {
          "line": 27,
          "column": 22
        }
      }
    },
    "fnMap": {
      "0": {
        "name": "(anonymous_0)",
        "decl": {
          "start": {
            "line": 3,
            "column": 40
          },
          "end": {
            "line": 3,
            "column": 41
          }
        },
        "loc": {
          "start": {
            "line": 3,
            "column": 46
          },
          "end": {
            "line": 28,
            "column": 1
          }
        },
        "line": 3
      },
      "1": {
        "name": "(anonymous_1)",
        "decl": {
          "start": {
            "line": 5,
            "column": 4
          },
          "end": {
            "line": 5,
            "column": 5
          }
        },
        "loc": {
          "start": {
            "line": 5,
            "column": 18
          },
          "end": {
            "line": 7,
            "column": 5
          }
        },
        "line": 5
      },
      "2": {
        "name": "AppComponent_Factory",
        "decl": {
          "start": {
            "line": 9,
            "column": 31
          },
          "end": {
            "line": 9,
            "column": 51
          }
        },
        "loc": {
          "start": {
            "line": 9,
            "column": 55
          },
          "end": {
            "line": 11,
            "column": 3
          }
        },
        "line": 9
      },
      "3": {
        "name": "AppComponent_Template",
        "decl": {
          "start": {
            "line": 18,
            "column": 23
          },
          "end": {
            "line": 18,
            "column": 44
          }
        },
        "loc": {
          "start": {
            "line": 18,
            "column": 54
          },
          "end": {
            "line": 24,
            "column": 5
          }
        },
        "line": 18
      }
    },
    "branchMap": {
      "0": {
        "loc": {
          "start": {
            "line": 10,
            "column": 16
          },
          "end": {
            "line": 10,
            "column": 33
          }
        },
        "type": "binary-expr",
        "locations": [
          {
            "start": {
              "line": 10,
              "column": 16
            },
            "end": {
              "line": 10,
              "column": 17
            }
          },
          {
            "start": {
              "line": 10,
              "column": 21
            },
            "end": {
              "line": 10,
              "column": 33
            }
          }
        ],
        "line": 10
      },
      "1": {
        "loc": {
          "start": {
            "line": 19,
            "column": 6
          },
          "end": {
            "line": 23,
            "column": 7
          }
        },
        "type": "if",
        "locations": [
          {
            "start": {
              "line": 19,
              "column": 6
            },
            "end": {
              "line": 23,
              "column": 7
            }
          },
          {
            "start": {
              "line": 19,
              "column": 6
            },
            "end": {
              "line": 23,
              "column": 7
            }
          }
        ],
        "line": 19
      }
    },
    "s": {
      "0": 4,
      "1": 4,
      "2": 4,
      "3": 4,
      "4": 4,
      "5": 85,
      "6": 4,
      "7": 4,
      "8": 4,
      "9": 4
    },
    "f": {
      "0": 4,
      "1": 4,
      "2": 4,
      "3": 85
    },
    "b": {
      "0": [
        4,
        4
      ],
      "1": [
        4,
        81
      ]
    },
    "inputSourceMap": {
      "version": 3,
      "mappings": ";;AAOA,WAAaA,YAAY;EAAnB,MAAOA,YAAY;IALzBC;MAME,UAAK,GAAG,UAAU;;;EADPD,YAAY;qBAAZA,YAAY;EAAA;EAAZA,YAAY;UAAZA,YAAY;IAAAE;IAAAC;IAAAC;IAAAC;IAAAC;MAAA;QCPzBC,8BAA4B;QACxBA,gCAA+B;QACnCA,iBAAM;;;;;SDKOP,YAAY;AAAA",
      "names": [
        "AppComponent",
        "constructor",
        "selectors",
        "decls",
        "vars",
        "consts",
        "template",
        "i0"
      ],
      "sourceRoot": "",
      "sources": [
        "D:\\bank-Acc\\src\\app\\app.component.ts",
        "D:\\bank-Acc\\src\\app\\app.component.html"
      ],
      "sourcesContent": [
        "import { Component } from '@angular/core';\r\n\r\n@Component({\r\n  selector: 'app-root',\r\n  templateUrl: './app.component.html',\r\n  styleUrls: ['./app.component.scss']\r\n})\r\nexport class AppComponent {\r\n  title = 'bank-Acc';\r\n}\r\n",
        "<div class=\"container mt-3\">\r\n    <router-outlet></router-outlet>\r\n</div>"
      ]
    },
    "_coverageSchema": "1a1c01bbd47fc00a2c39e90264f33305004495a9",
    "hash": "a3e6fc9308ca0fd55dbcf6944fb3b0e4b6ba3c78"
  },
  "D:\\bank-Acc\\src\\app\\app.module.ts": {
    "path": "D:\\bank-Acc\\src\\app\\app.module.ts",
    "statementMap": {
      "0": {
        "start": {
          "line": 9,
          "column": 36
        },
        "end": {
          "line": 22,
          "column": 4
        }
      },
      "1": {
        "start": {
          "line": 11,
          "column": 2
        },
        "end": {
          "line": 13,
          "column": 4
        }
      },
      "2": {
        "start": {
          "line": 12,
          "column": 4
        },
        "end": {
          "line": 12,
          "column": 34
        }
      },
      "3": {
        "start": {
          "line": 14,
          "column": 2
        },
        "end": {
          "line": 17,
          "column": 5
        }
      },
      "4": {
        "start": {
          "line": 18,
          "column": 2
        },
        "end": {
          "line": 20,
          "column": 5
        }
      },
      "5": {
        "start": {
          "line": 21,
          "column": 2
        },
        "end": {
          "line": 21,
          "column": 19
        }
      }
    },
    "fnMap": {
      "0": {
        "name": "(anonymous_0)",
        "decl": {
          "start": {
            "line": 9,
            "column": 37
          },
          "end": {
            "line": 9,
            "column": 38
          }
        },
        "loc": {
          "start": {
            "line": 9,
            "column": 43
          },
          "end": {
            "line": 22,
            "column": 1
          }
        },
        "line": 9
      },
      "1": {
        "name": "AppModule_Factory",
        "decl": {
          "start": {
            "line": 11,
            "column": 28
          },
          "end": {
            "line": 11,
            "column": 45
          }
        },
        "loc": {
          "start": {
            "line": 11,
            "column": 49
          },
          "end": {
            "line": 13,
            "column": 3
          }
        },
        "line": 11
      }
    },
    "branchMap": {
      "0": {
        "loc": {
          "start": {
            "line": 12,
            "column": 16
          },
          "end": {
            "line": 12,
            "column": 30
          }
        },
        "type": "binary-expr",
        "locations": [
          {
            "start": {
              "line": 12,
              "column": 16
            },
            "end": {
              "line": 12,
              "column": 17
            }
          },
          {
            "start": {
              "line": 12,
              "column": 21
            },
            "end": {
              "line": 12,
              "column": 30
            }
          }
        ],
        "line": 12
      }
    },
    "s": {
      "0": 4,
      "1": 4,
      "2": 4,
      "3": 4,
      "4": 4,
      "5": 4
    },
    "f": {
      "0": 4,
      "1": 4
    },
    "b": {
      "0": [
        4,
        4
      ]
    },
    "inputSourceMap": {
      "version": 3,
      "mappings": "AACA,SAASA,aAAa,QAAQ,2BAA2B;AACzD,SAASC,gBAAgB,QAAO,sBAAsB;AACtD,SAASC,gBAAgB,QAAQ,sBAAsB;AACvD,SAASC,YAAY,QAAQ,iBAAiB;AAC9C,SAASC,YAAY,QAAQ,YAAY;AACzC,SAASC,uBAAuB,QAAQ,sCAAsC;;;AAe9E,WAAaC,SAAS;EAAhB,MAAOA,SAAS;EAATA,SAAS;qBAATA,SAAS;EAAA;EAATA,SAAS;UAATA,SAAS;IAAAC,YAFRJ,YAAY;EAAA;EAEbG,SAAS;cATlBN,aAAa,EACbE,gBAAgB,EAChBD,gBAAgB,EAChBG,YAAY,CAACI,OAAO,EAAE,EACtBH,uBAAuB;EAAA;EAAA,OAKdC,SAAS;AAAA",
      "names": [
        "BrowserModule",
        "HttpClientModule",
        "AppRoutingModule",
        "AppComponent",
        "ToastrModule",
        "BrowserAnimationsModule",
        "AppModule",
        "bootstrap",
        "forRoot"
      ],
      "sourceRoot": "",
      "sources": [
        "D:\\bank-Acc\\src\\app\\app.module.ts"
      ],
      "sourcesContent": [
        "import { NgModule } from '@angular/core';\nimport { BrowserModule } from '@angular/platform-browser';\nimport { HttpClientModule} from '@angular/common/http'\nimport { AppRoutingModule } from './app-routing.module';\nimport { AppComponent } from './app.component';\nimport { ToastrModule } from 'ngx-toastr';\nimport { BrowserAnimationsModule } from '@angular/platform-browser/animations';\n@NgModule({\n  declarations: [\n    AppComponent\n  ],\n  imports: [\n    BrowserModule,\n    AppRoutingModule,\n    HttpClientModule,\n    ToastrModule.forRoot(),\n    BrowserAnimationsModule\n  ],\n  providers: [],\n  bootstrap: [AppComponent]\n})\nexport class AppModule { }\n"
      ]
    },
    "_coverageSchema": "1a1c01bbd47fc00a2c39e90264f33305004495a9",
    "hash": "3ddcce2a38293d1da2fb4441462eeac8908a493b"
  },
  "D:\\bank-Acc\\src\\main.ts": {
    "path": "D:\\bank-Acc\\src\\main.ts",
    "statementMap": {
      "0": {
        "start": {
          "line": 3,
          "column": 0
        },
        "end": {
          "line": 3,
          "column": 98
        }
      },
      "1": {
        "start": {
          "line": 3,
          "column": 78
        },
        "end": {
          "line": 3,
          "column": 96
        }
      }
    },
    "fnMap": {
      "0": {
        "name": "(anonymous_0)",
        "decl": {
          "start": {
            "line": 3,
            "column": 71
          },
          "end": {
            "line": 3,
            "column": 72
          }
        },
        "loc": {
          "start": {
            "line": 3,
            "column": 78
          },
          "end": {
            "line": 3,
            "column": 96
          }
        },
        "line": 3
      }
    },
    "branchMap": {},
    "s": {
      "0": 4,
      "1": 0
    },
    "f": {
      "0": 0
    },
    "b": {},
    "inputSourceMap": {
      "version": 3,
      "mappings": ";AAEA,SAASA,SAAS,QAAQ,kBAAkB;AAG5CC,qCAAwB,CAACC,eAAe,CAACF,SAAS,CAAC,CAChDG,KAAK,CAACC,GAAG,IAAIC,OAAO,CAACC,KAAK,CAACF,GAAG,CAAC,CAAC",
      "names": [
        "AppModule",
        "__NgCli_bootstrap_1",
        "bootstrapModule",
        "catch",
        "err",
        "console",
        "error"
      ],
      "sourceRoot": "",
      "sources": [
        "D:\\bank-Acc\\src\\main.ts"
      ],
      "sourcesContent": [
        "import { platformBrowserDynamic } from '@angular/platform-browser-dynamic';\n\nimport { AppModule } from './app/app.module';\n\n\nplatformBrowserDynamic().bootstrapModule(AppModule)\n  .catch(err => console.error(err));\n"
      ]
    },
    "_coverageSchema": "1a1c01bbd47fc00a2c39e90264f33305004495a9",
    "hash": "59d85319071cfabff2e56cd0b17f83d0933ce3f5"
  },
  "D:\\bank-Acc\\src\\environment\\environment.ts": {
    "path": "D:\\bank-Acc\\src\\environment\\environment.ts",
    "statementMap": {
      "0": {
        "start": {
          "line": 1,
          "column": 27
        },
        "end": {
          "line": 5,
          "column": 1
        }
      }
    },
    "fnMap": {},
    "branchMap": {},
    "s": {
      "0": 4
    },
    "f": {},
    "b": {},
    "inputSourceMap": {
      "version": 3,
      "mappings": "AAAA,OAAO,MAAMA,WAAW,GAAG;EACvBC,UAAU,EAAE,KAAK;EACjBC,MAAM,EAAC,uBAAuB;EAC9BC,KAAK,EAAC;CACP",
      "names": [
        "environment",
        "production",
        "APIUrl",
        "S_KEY"
      ],
      "sourceRoot": "",
      "sources": [
        "D:\\bank-Acc\\src\\environment\\environment.ts"
      ],
      "sourcesContent": [
        "export const environment = {\r\n    production: false,\r\n    APIUrl:'http://localhost:3000',\r\n    S_KEY:'mwnebrvtcyxuzioapsldkfjg'\r\n  };"
      ]
    },
    "_coverageSchema": "1a1c01bbd47fc00a2c39e90264f33305004495a9",
    "hash": "f7bc8bfc462092eccbe8a464fafc0839a5370fc0"
  },
  "D:\\bank-Acc\\src\\app\\services\\app.service.ts": {
    "path": "D:\\bank-Acc\\src\\app\\services\\app.service.ts",
    "statementMap": {
      "0": {
        "start": {
          "line": 6,
          "column": 37
        },
        "end": {
          "line": 63,
          "column": 4
        }
      },
      "1": {
        "start": {
          "line": 9,
          "column": 6
        },
        "end": {
          "line": 9,
          "column": 23
        }
      },
      "2": {
        "start": {
          "line": 10,
          "column": 6
        },
        "end": {
          "line": 10,
          "column": 43
        }
      },
      "3": {
        "start": {
          "line": 13,
          "column": 6
        },
        "end": {
          "line": 13,
          "column": 65
        }
      },
      "4": {
        "start": {
          "line": 16,
          "column": 6
        },
        "end": {
          "line": 16,
          "column": 67
        }
      },
      "5": {
        "start": {
          "line": 19,
          "column": 6
        },
        "end": {
          "line": 19,
          "column": 23
        }
      },
      "6": {
        "start": {
          "line": 20,
          "column": 6
        },
        "end": {
          "line": 23,
          "column": 10
        }
      },
      "7": {
        "start": {
          "line": 21,
          "column": 8
        },
        "end": {
          "line": 21,
          "column": 32
        }
      },
      "8": {
        "start": {
          "line": 22,
          "column": 8
        },
        "end": {
          "line": 22,
          "column": 18
        }
      },
      "9": {
        "start": {
          "line": 26,
          "column": 6
        },
        "end": {
          "line": 26,
          "column": 23
        }
      },
      "10": {
        "start": {
          "line": 27,
          "column": 21
        },
        "end": {
          "line": 27,
          "column": 35
        }
      },
      "11": {
        "start": {
          "line": 28,
          "column": 6
        },
        "end": {
          "line": 28,
          "column": 45
        }
      },
      "12": {
        "start": {
          "line": 29,
          "column": 6
        },
        "end": {
          "line": 29,
          "column": 76
        }
      },
      "13": {
        "start": {
          "line": 32,
          "column": 6
        },
        "end": {
          "line": 35,
          "column": 10
        }
      },
      "14": {
        "start": {
          "line": 33,
          "column": 8
        },
        "end": {
          "line": 33,
          "column": 32
        }
      },
      "15": {
        "start": {
          "line": 34,
          "column": 8
        },
        "end": {
          "line": 34,
          "column": 18
        }
      },
      "16": {
        "start": {
          "line": 38,
          "column": 6
        },
        "end": {
          "line": 41,
          "column": 10
        }
      },
      "17": {
        "start": {
          "line": 39,
          "column": 8
        },
        "end": {
          "line": 39,
          "column": 32
        }
      },
      "18": {
        "start": {
          "line": 40,
          "column": 8
        },
        "end": {
          "line": 40,
          "column": 18
        }
      },
      "19": {
        "start": {
          "line": 44,
          "column": 19
        },
        "end": {
          "line": 44,
          "column": 21
        }
      },
      "20": {
        "start": {
          "line": 45,
          "column": 6
        },
        "end": {
          "line": 50,
          "column": 7
        }
      },
      "21": {
        "start": {
          "line": 46,
          "column": 8
        },
        "end": {
          "line": 46,
          "column": 41
        }
      },
      "22": {
        "start": {
          "line": 48,
          "column": 8
        },
        "end": {
          "line": 48,
          "column": 71
        }
      },
      "23": {
        "start": {
          "line": 49,
          "column": 8
        },
        "end": {
          "line": 49,
          "column": 40
        }
      },
      "24": {
        "start": {
          "line": 51,
          "column": 6
        },
        "end": {
          "line": 51,
          "column": 51
        }
      },
      "25": {
        "start": {
          "line": 54,
          "column": 2
        },
        "end": {
          "line": 56,
          "column": 4
        }
      },
      "26": {
        "start": {
          "line": 55,
          "column": 4
        },
        "end": {
          "line": 55,
          "column": 92
        }
      },
      "27": {
        "start": {
          "line": 57,
          "column": 2
        },
        "end": {
          "line": 61,
          "column": 5
        }
      },
      "28": {
        "start": {
          "line": 62,
          "column": 2
        },
        "end": {
          "line": 62,
          "column": 20
        }
      }
    },
    "fnMap": {
      "0": {
        "name": "(anonymous_0)",
        "decl": {
          "start": {
            "line": 6,
            "column": 38
          },
          "end": {
            "line": 6,
            "column": 39
          }
        },
        "loc": {
          "start": {
            "line": 6,
            "column": 44
          },
          "end": {
            "line": 63,
            "column": 1
          }
        },
        "line": 6
      },
      "1": {
        "name": "(anonymous_1)",
        "decl": {
          "start": {
            "line": 8,
            "column": 4
          },
          "end": {
            "line": 8,
            "column": 5
          }
        },
        "loc": {
          "start": {
            "line": 8,
            "column": 38
          },
          "end": {
            "line": 11,
            "column": 5
          }
        },
        "line": 8
      },
      "2": {
        "name": "(anonymous_2)",
        "decl": {
          "start": {
            "line": 12,
            "column": 4
          },
          "end": {
            "line": 12,
            "column": 5
          }
        },
        "loc": {
          "start": {
            "line": 12,
            "column": 18
          },
          "end": {
            "line": 14,
            "column": 5
          }
        },
        "line": 12
      },
      "3": {
        "name": "(anonymous_3)",
        "decl": {
          "start": {
            "line": 15,
            "column": 4
          },
          "end": {
            "line": 15,
            "column": 5
          }
        },
        "loc": {
          "start": {
            "line": 15,
            "column": 19
          },
          "end": {
            "line": 17,
            "column": 5
          }
        },
        "line": 15
      },
      "4": {
        "name": "(anonymous_4)",
        "decl": {
          "start": {
            "line": 18,
            "column": 4
          },
          "end": {
            "line": 18,
            "column": 5
          }
        },
        "loc": {
          "start": {
            "line": 18,
            "column": 19
          },
          "end": {
            "line": 24,
            "column": 5
          }
        },
        "line": 18
      },
      "5": {
        "name": "(anonymous_5)",
        "decl": {
          "start": {
            "line": 20,
            "column": 81
          },
          "end": {
            "line": 20,
            "column": 82
          }
        },
        "loc": {
          "start": {
            "line": 20,
            "column": 90
          },
          "end": {
            "line": 23,
            "column": 7
          }
        },
        "line": 20
      },
      "6": {
        "name": "(anonymous_6)",
        "decl": {
          "start": {
            "line": 25,
            "column": 4
          },
          "end": {
            "line": 25,
            "column": 5
          }
        },
        "loc": {
          "start": {
            "line": 25,
            "column": 20
          },
          "end": {
            "line": 30,
            "column": 5
          }
        },
        "line": 25
      },
      "7": {
        "name": "(anonymous_7)",
        "decl": {
          "start": {
            "line": 31,
            "column": 4
          },
          "end": {
            "line": 31,
            "column": 5
          }
        },
        "loc": {
          "start": {
            "line": 31,
            "column": 20
          },
          "end": {
            "line": 36,
            "column": 5
          }
        },
        "line": 31
      },
      "8": {
        "name": "(anonymous_8)",
        "decl": {
          "start": {
            "line": 32,
            "column": 93
          },
          "end": {
            "line": 32,
            "column": 94
          }
        },
        "loc": {
          "start": {
            "line": 32,
            "column": 102
          },
          "end": {
            "line": 35,
            "column": 7
          }
        },
        "line": 32
      },
      "9": {
        "name": "(anonymous_9)",
        "decl": {
          "start": {
            "line": 37,
            "column": 4
          },
          "end": {
            "line": 37,
            "column": 5
          }
        },
        "loc": {
          "start": {
            "line": 37,
            "column": 18
          },
          "end": {
            "line": 42,
            "column": 5
          }
        },
        "line": 37
      },
      "10": {
        "name": "(anonymous_10)",
        "decl": {
          "start": {
            "line": 38,
            "column": 82
          },
          "end": {
            "line": 38,
            "column": 83
          }
        },
        "loc": {
          "start": {
            "line": 38,
            "column": 91
          },
          "end": {
            "line": 41,
            "column": 7
          }
        },
        "line": 38
      },
      "11": {
        "name": "(anonymous_11)",
        "decl": {
          "start": {
            "line": 43,
            "column": 4
          },
          "end": {
            "line": 43,
            "column": 5
          }
        },
        "loc": {
          "start": {
            "line": 43,
            "column": 21
          },
          "end": {
            "line": 52,
            "column": 5
          }
        },
        "line": 43
      },
      "12": {
        "name": "AppService_Factory",
        "decl": {
          "start": {
            "line": 54,
            "column": 29
          },
          "end": {
            "line": 54,
            "column": 47
          }
        },
        "loc": {
          "start": {
            "line": 54,
            "column": 51
          },
          "end": {
            "line": 56,
            "column": 3
          }
        },
        "line": 54
      }
    },
    "branchMap": {
      "0": {
        "loc": {
          "start": {
            "line": 45,
            "column": 6
          },
          "end": {
            "line": 50,
            "column": 7
          }
        },
        "type": "if",
        "locations": [
          {
            "start": {
              "line": 45,
              "column": 6
            },
            "end": {
              "line": 50,
              "column": 7
            }
          },
          {
            "start": {
              "line": 45,
              "column": 6
            },
            "end": {
              "line": 50,
              "column": 7
            }
          }
        ],
        "line": 45
      },
      "1": {
        "loc": {
          "start": {
            "line": 55,
            "column": 16
          },
          "end": {
            "line": 55,
            "column": 31
          }
        },
        "type": "binary-expr",
        "locations": [
          {
            "start": {
              "line": 55,
              "column": 16
            },
            "end": {
              "line": 55,
              "column": 17
            }
          },
          {
            "start": {
              "line": 55,
              "column": 21
            },
            "end": {
              "line": 55,
              "column": 31
            }
          }
        ],
        "line": 55
      }
    },
    "s": {
      "0": 4,
      "1": 3,
      "2": 3,
      "3": 2,
      "4": 2,
      "5": 1,
      "6": 1,
      "7": 1,
      "8": 1,
      "9": 0,
      "10": 0,
      "11": 0,
      "12": 0,
      "13": 0,
      "14": 0,
      "15": 0,
      "16": 0,
      "17": 0,
      "18": 0,
      "19": 1,
      "20": 1,
      "21": 0,
      "22": 1,
      "23": 1,
      "24": 1,
      "25": 4,
      "26": 3,
      "27": 4,
      "28": 4
    },
    "f": {
      "0": 4,
      "1": 3,
      "2": 2,
      "3": 2,
      "4": 1,
      "5": 1,
      "6": 0,
      "7": 0,
      "8": 0,
      "9": 0,
      "10": 0,
      "11": 1,
      "12": 3
    },
    "b": {
      "0": [
        0,
        1
      ],
      "1": [
        3,
        3
      ]
    },
    "inputSourceMap": {
      "version": 3,
      "mappings": "AAsBA,SAASA,WAAW,QAAQ,+BAA+B;AAC3D,SAASC,UAAU,QAAoB,MAAM;;;;AAK7C,WAAaC,UAAU;EAAjB,MAAOA,UAAU;IACrBC,YACUC,IAAgB,EAChBC,cAA6B;MAD7B,SAAI,GAAJD,IAAI;MACJ,mBAAc,GAAdC,cAAc;IACrB;IAEDC,WAAW;MACX,OAAO,IAAI,CAACF,IAAI,CAACG,GAAG,CAAC,oCAAoC,CAAC;IAC5D;IACAC,UAAU,CAACC,EAAS;MAClB,OAAO,IAAI,CAACL,IAAI,CAACM,MAAM,CAAC,+BAA+BD,EAAE,EAAE,CAAC;IAC9D;IACAE,IAAI,CAACC,GAAW,EAAEC,GAAQ;MACxBC,OAAO,CAACC,GAAG,CAACF,GAAG,CAAC;MAEhB,OAAO,IAAI,CAACT,IAAI,CAACO,IAAI,CAAC,GAAGX,WAAW,CAACgB,MAAM,IAAIJ,GAAG,EAAE,EAAEC,GAAG,CAAC,CAACI,IAAI,CAC7DhB,UAAU,CAAEiB,KAAK,IAAI;QACnB,IAAI,CAACC,WAAW,CAACD,KAAK,CAAC;QACvB,OAAO,EAAE;MACX,CAAC,CAAC,CACH;IACH;IAEAE,UAAU,CAACP,GAAO;MAChBC,OAAO,CAACC,GAAG,CAACF,GAAG,CAAC;MAChB,IAAIQ,QAAQ,GAAG,IAAIC,QAAQ,EAAE;MAC7BD,QAAQ,CAACE,MAAM,CAAC,MAAM,EAAEV,GAAG,EAAEA,GAAG,CAACW,IAAI,CAAC;MAE1C,OAAO,IAAI,CAACpB,IAAI,CAACO,IAAI,CAAC,GAAGX,WAAW,CAACgB,MAAM,eAAe,EAACK,QAAQ,CAAC;IAClE;IACAI,KAAK,CAACb,GAAW,EAAEC,GAAQ;MACzB,OAAO,IAAI,CAACT,IAAI,CAACqB,KAAK,CAAC,GAAGzB,WAAW,CAACgB,MAAM,IAAIJ,GAAG,IAAIC,GAAG,CAACa,GAAG,EAAE,EAAEb,GAAG,CAAC,CAACI,IAAI,CACzEhB,UAAU,CAAEiB,KAAK,IAAI;QACnB,IAAI,CAACC,WAAW,CAACD,KAAK,CAAC;QACvB,OAAO,EAAE;MACX,CAAC,CAAC,CACH;IACH;IACAX,GAAG,CAACK,GAAU,EAAEC,GAAU;MACxB,OAAO,IAAI,CAACT,IAAI,CAACG,GAAG,CAAC,GAAGP,WAAW,CAACgB,MAAM,IAAIJ,GAAG,IAAIC,GAAG,EAAE,CAAC,CAACI,IAAI,CAC9DhB,UAAU,CAAEiB,KAAK,IAAG;QAClB,IAAI,CAACC,WAAW,CAACD,KAAK,CAAC;QACvB,OAAO,EAAE;MACX,CAAC,CAAC,CACH;IACH;IACQC,WAAW,CAACQ,GAAsB;MACxC,IAAIC,MAAM,GAAG,EAAE;MACf,IAAID,GAAG,CAACT,KAAK,YAAYW,UAAU,EAAE;QACnCD,MAAM,GAAG,UAAUD,GAAG,CAACG,OAAO,EAAE;OACjC,MAAM;QACLF,MAAM,GAAG,eAAeD,GAAG,CAACI,MAAM,eAAeJ,GAAG,CAACG,OAAO,EAAE;QAC9DhB,OAAO,CAACC,GAAG,CAAC,KAAK,EAACY,GAAG,CAACG,OAAO,CAAC;;MAGhC,IAAI,CAACzB,cAAc,CAACa,KAAK,CAACS,GAAG,CAACT,KAAK,CAACY,OAAO,CAAC;IAC9C;;EAxDW5B,UAAU;qBAAVA,UAAU;EAAA;EAAVA,UAAU;WAAVA,UAAU;IAAA8B,SAAV9B,UAAU;IAAA+B,YAFT;EAAM;EAAA,OAEP/B,UAAU;AAAA",
      "names": [
        "environment",
        "catchError",
        "AppService",
        "constructor",
        "http",
        "toasterService",
        "getUserList",
        "get",
        "deleteUser",
        "id",
        "delete",
        "post",
        "url",
        "req",
        "console",
        "log",
        "APIUrl",
        "pipe",
        "error",
        "handleError",
        "uploadFile",
        "formData",
        "FormData",
        "append",
        "name",
        "patch",
        "_id",
        "err",
        "errMsg",
        "ErrorEvent",
        "message",
        "status",
        "factory",
        "providedIn"
      ],
      "sourceRoot": "",
      "sources": [
        "D:\\bank-Acc\\src\\app\\services\\app.service.ts"
      ],
      "sourcesContent": [
        "// import { Injectable } from '@angular/core';\n// import { HttpClient} from '@angular/common/http'\nimport { Observable } from 'rxjs';\n// @Injectable({\n//   providedIn: 'root'\n// })\n// export class AppService {\n\n//   constructor(private http:HttpClient) { }\n\n//   getUserList() :Observable<any>{\n//     return this.http.get('https://reqres.in/api/users?page=1')\n//   }\n//   deleteUser(id:number):Observable<any>{\n//     return this.http.delete(`https://reqres.in/api/users/${id}`)\n//   }\n// }\n\n\n//-------------------\nimport { Injectable } from '@angular/core'\nimport { HttpClient, HttpErrorResponse } from '@angular/common/http'\nimport { environment } from '../../environment/environment'\nimport { catchError, throwError } from 'rxjs'\nimport { ToastrService } from 'ngx-toastr'\n@Injectable({\n  providedIn: 'root',\n})\nexport class AppService {\n  constructor(\n    private http: HttpClient,\n    private toasterService: ToastrService,\n  ) {}\n\n    getUserList() :Observable<any>{\n    return this.http.get('https://reqres.in/api/users?page=1')\n  }\n  deleteUser(id:number):Observable<any>{\n    return this.http.delete(`https://reqres.in/api/users/${id}`)\n  }\n  post(url: string, req: any) {\n    console.log(req);\n    \n    return this.http.post(`${environment.APIUrl}/${url}`, req).pipe(\n      catchError((error) => {\n        this.handleError(error)\n        return ''\n      }),\n    )\n  }\n\n  uploadFile(req:any){\n    console.log(req);\n    let formData = new FormData();\n    formData.append('file', req, req.name) \n    \nreturn this.http.post(`${environment.APIUrl}/upload-image`,formData)\n  }\n  patch(url: string, req: any) {\n    return this.http.patch(`${environment.APIUrl}/${url}/${req._id}`, req).pipe(\n      catchError((error) => {\n        this.handleError(error)\n        return ''\n      }),\n    )\n  }\n  get(url:string, req:string){\n    return this.http.get(`${environment.APIUrl}/${url}/${req}`).pipe(\n      catchError((error)=>{\n        this.handleError(error)\n        return ''\n      })\n    )\n  }\n  private handleError(err: HttpErrorResponse) {\n    let errMsg = '';\n    if (err.error instanceof ErrorEvent) {\n      errMsg = `Error: ${err.message}`\n    } else {\n      errMsg = `Error Code: ${err.status} , Message: ${err.message}`\n      console.log('222',err.message)\n\n    }\n    this.toasterService.error(err.error.message)\n  }\n}\n"
      ]
    },
    "_coverageSchema": "1a1c01bbd47fc00a2c39e90264f33305004495a9",
    "hash": "a4f228fe2712396195496aa5b99f8ce77ec5e1f3"
  },
  "D:\\bank-Acc\\src\\app\\navigation\\header\\header.component.ts": {
    "path": "D:\\bank-Acc\\src\\app\\navigation\\header\\header.component.ts",
    "statementMap": {
      "0": {
        "start": {
          "line": 3,
          "column": 42
        },
        "end": {
          "line": 49,
          "column": 4
        }
      },
      "1": {
        "start": {
          "line": 6,
          "column": 6
        },
        "end": {
          "line": 6,
          "column": 27
        }
      },
      "2": {
        "start": {
          "line": 9,
          "column": 2
        },
        "end": {
          "line": 11,
          "column": 4
        }
      },
      "3": {
        "start": {
          "line": 10,
          "column": 4
        },
        "end": {
          "line": 10,
          "column": 71
        }
      },
      "4": {
        "start": {
          "line": 12,
          "column": 2
        },
        "end": {
          "line": 47,
          "column": 5
        }
      },
      "5": {
        "start": {
          "line": 19,
          "column": 6
        },
        "end": {
          "line": 44,
          "column": 7
        }
      },
      "6": {
        "start": {
          "line": 20,
          "column": 8
        },
        "end": {
          "line": 20,
          "column": 73
        }
      },
      "7": {
        "start": {
          "line": 21,
          "column": 8
        },
        "end": {
          "line": 23,
          "column": 11
        }
      },
      "8": {
        "start": {
          "line": 22,
          "column": 10
        },
        "end": {
          "line": 22,
          "column": 49
        }
      },
      "9": {
        "start": {
          "line": 24,
          "column": 8
        },
        "end": {
          "line": 24,
          "column": 30
        }
      },
      "10": {
        "start": {
          "line": 25,
          "column": 8
        },
        "end": {
          "line": 25,
          "column": 28
        }
      },
      "11": {
        "start": {
          "line": 26,
          "column": 8
        },
        "end": {
          "line": 26,
          "column": 51
        }
      },
      "12": {
        "start": {
          "line": 27,
          "column": 8
        },
        "end": {
          "line": 29,
          "column": 11
        }
      },
      "13": {
        "start": {
          "line": 28,
          "column": 10
        },
        "end": {
          "line": 28,
          "column": 48
        }
      },
      "14": {
        "start": {
          "line": 30,
          "column": 8
        },
        "end": {
          "line": 30,
          "column": 29
        }
      },
      "15": {
        "start": {
          "line": 31,
          "column": 8
        },
        "end": {
          "line": 31,
          "column": 28
        }
      },
      "16": {
        "start": {
          "line": 32,
          "column": 8
        },
        "end": {
          "line": 32,
          "column": 51
        }
      },
      "17": {
        "start": {
          "line": 33,
          "column": 8
        },
        "end": {
          "line": 35,
          "column": 11
        }
      },
      "18": {
        "start": {
          "line": 34,
          "column": 10
        },
        "end": {
          "line": 34,
          "column": 48
        }
      },
      "19": {
        "start": {
          "line": 36,
          "column": 8
        },
        "end": {
          "line": 36,
          "column": 30
        }
      },
      "20": {
        "start": {
          "line": 37,
          "column": 8
        },
        "end": {
          "line": 37,
          "column": 28
        }
      },
      "21": {
        "start": {
          "line": 38,
          "column": 8
        },
        "end": {
          "line": 38,
          "column": 53
        }
      },
      "22": {
        "start": {
          "line": 39,
          "column": 8
        },
        "end": {
          "line": 41,
          "column": 11
        }
      },
      "23": {
        "start": {
          "line": 40,
          "column": 10
        },
        "end": {
          "line": 40,
          "column": 51
        }
      },
      "24": {
        "start": {
          "line": 42,
          "column": 8
        },
        "end": {
          "line": 42,
          "column": 33
        }
      },
      "25": {
        "start": {
          "line": 43,
          "column": 8
        },
        "end": {
          "line": 43,
          "column": 32
        }
      },
      "26": {
        "start": {
          "line": 48,
          "column": 2
        },
        "end": {
          "line": 48,
          "column": 25
        }
      }
    },
    "fnMap": {
      "0": {
        "name": "(anonymous_0)",
        "decl": {
          "start": {
            "line": 3,
            "column": 43
          },
          "end": {
            "line": 3,
            "column": 44
          }
        },
        "loc": {
          "start": {
            "line": 3,
            "column": 49
          },
          "end": {
            "line": 49,
            "column": 1
          }
        },
        "line": 3
      },
      "1": {
        "name": "(anonymous_1)",
        "decl": {
          "start": {
            "line": 5,
            "column": 4
          },
          "end": {
            "line": 5,
            "column": 5
          }
        },
        "loc": {
          "start": {
            "line": 5,
            "column": 24
          },
          "end": {
            "line": 7,
            "column": 5
          }
        },
        "line": 5
      },
      "2": {
        "name": "HeaderComponent_Factory",
        "decl": {
          "start": {
            "line": 9,
            "column": 34
          },
          "end": {
            "line": 9,
            "column": 57
          }
        },
        "loc": {
          "start": {
            "line": 9,
            "column": 61
          },
          "end": {
            "line": 11,
            "column": 3
          }
        },
        "line": 9
      },
      "3": {
        "name": "HeaderComponent_Template",
        "decl": {
          "start": {
            "line": 18,
            "column": 23
          },
          "end": {
            "line": 18,
            "column": 47
          }
        },
        "loc": {
          "start": {
            "line": 18,
            "column": 57
          },
          "end": {
            "line": 45,
            "column": 5
          }
        },
        "line": 18
      },
      "4": {
        "name": "HeaderComponent_Template_button_click_3_listener",
        "decl": {
          "start": {
            "line": 21,
            "column": 40
          },
          "end": {
            "line": 21,
            "column": 88
          }
        },
        "loc": {
          "start": {
            "line": 21,
            "column": 91
          },
          "end": {
            "line": 23,
            "column": 9
          }
        },
        "line": 21
      },
      "5": {
        "name": "HeaderComponent_Template_button_click_6_listener",
        "decl": {
          "start": {
            "line": 27,
            "column": 40
          },
          "end": {
            "line": 27,
            "column": 88
          }
        },
        "loc": {
          "start": {
            "line": 27,
            "column": 91
          },
          "end": {
            "line": 29,
            "column": 9
          }
        },
        "line": 27
      },
      "6": {
        "name": "HeaderComponent_Template_button_click_9_listener",
        "decl": {
          "start": {
            "line": 33,
            "column": 40
          },
          "end": {
            "line": 33,
            "column": 88
          }
        },
        "loc": {
          "start": {
            "line": 33,
            "column": 91
          },
          "end": {
            "line": 35,
            "column": 9
          }
        },
        "line": 33
      },
      "7": {
        "name": "HeaderComponent_Template_button_click_12_listener",
        "decl": {
          "start": {
            "line": 39,
            "column": 40
          },
          "end": {
            "line": 39,
            "column": 89
          }
        },
        "loc": {
          "start": {
            "line": 39,
            "column": 92
          },
          "end": {
            "line": 41,
            "column": 9
          }
        },
        "line": 39
      }
    },
    "branchMap": {
      "0": {
        "loc": {
          "start": {
            "line": 10,
            "column": 16
          },
          "end": {
            "line": 10,
            "column": 36
          }
        },
        "type": "binary-expr",
        "locations": [
          {
            "start": {
              "line": 10,
              "column": 16
            },
            "end": {
              "line": 10,
              "column": 17
            }
          },
          {
            "start": {
              "line": 10,
              "column": 21
            },
            "end": {
              "line": 10,
              "column": 36
            }
          }
        ],
        "line": 10
      },
      "1": {
        "loc": {
          "start": {
            "line": 19,
            "column": 6
          },
          "end": {
            "line": 44,
            "column": 7
          }
        },
        "type": "if",
        "locations": [
          {
            "start": {
              "line": 19,
              "column": 6
            },
            "end": {
              "line": 44,
              "column": 7
            }
          },
          {
            "start": {
              "line": 19,
              "column": 6
            },
            "end": {
              "line": 44,
              "column": 7
            }
          }
        ],
        "line": 19
      }
    },
    "s": {
      "0": 4,
      "1": 4,
      "2": 4,
      "3": 4,
      "4": 4,
      "5": 65,
      "6": 4,
      "7": 4,
      "8": 0,
      "9": 4,
      "10": 4,
      "11": 4,
      "12": 4,
      "13": 0,
      "14": 4,
      "15": 4,
      "16": 4,
      "17": 4,
      "18": 0,
      "19": 4,
      "20": 4,
      "21": 4,
      "22": 4,
      "23": 0,
      "24": 4,
      "25": 4,
      "26": 4
    },
    "f": {
      "0": 4,
      "1": 4,
      "2": 4,
      "3": 65,
      "4": 0,
      "5": 0,
      "6": 0,
      "7": 0
    },
    "b": {
      "0": [
        4,
        4
      ],
      "1": [
        4,
        61
      ]
    },
    "inputSourceMap": {
      "version": 3,
      "mappings": ";;AAQA,WAAaA,eAAe;EAAtB,MAAOA,eAAe;IAC1BC,YAAmBC,MAAe;MAAf,WAAM,GAANA,MAAM;IAAW;;EADzBF,eAAe;qBAAfA,eAAe;EAAA;EAAfA,eAAe;UAAfA,eAAe;IAAAG;IAAAC;IAAAC;IAAAC;IAAAC;MAAA;QCR5BC,8BAAQ;QAEiCA;UAAA,OAASC,qBAAiB,QAAQ,EAAE;QAAA,EAAC;QAACD,qBAAK;QAAAA,iBAAS;QACrFA,0BAAI;QAA6BA;UAAA,OAASC,qBAAiB,OAAO,EAAE;QAAA,EAAC;QAACD,oBAAI;QAAAA,iBAAS;QACnFA,0BAAI;QAA6BA;UAAA,OAASC,qBAAiB,OAAO,EAAE;QAAA,EAAC;QAACD,qBAAI;QAAAA,iBAAS;QACnFA,2BAAI;QAA6BA;UAAA,OAASC,qBAAiB,UAAU,EAAE;QAAA,EAAC;QAACD,wBAAO;QAAAA,iBAAS;;;;;SDGpFR,eAAe;AAAA",
      "names": [
        "HeaderComponent",
        "constructor",
        "router",
        "selectors",
        "decls",
        "vars",
        "consts",
        "template",
        "i0",
        "ctx"
      ],
      "sourceRoot": "",
      "sources": [
        "D:\\bank-Acc\\src\\app\\navigation\\header\\header.component.ts",
        "D:\\bank-Acc\\src\\app\\navigation\\header\\header.component.html"
      ],
      "sourcesContent": [
        "import { Component } from '@angular/core';\nimport { Router } from '@angular/router';\n\n@Component({\n  selector: 'app-header',\n  templateUrl: './header.component.html',\n  styleUrls: ['./header.component.scss']\n})\nexport class HeaderComponent {\n  constructor(public router : Router){}\n\n \n\n}\n",
        "<header>\n    <ul>\n        <li><button class=\"btn btn-mute\" (click)=\"router.navigate(['/login'])\">Login</button></li>\n        <li><button class=\"btn btn-mute\" (click)=\"router.navigate(['/user'])\">User</button></li>\n        <li><button class=\"btn btn-mute\" (click)=\"router.navigate(['/post'])\">Post</button></li>\n        <li><button class=\"btn btn-mute\" (click)=\"router.navigate(['/product'])\">Product</button></li>\n    </ul>\n</header>"
      ]
    },
    "_coverageSchema": "1a1c01bbd47fc00a2c39e90264f33305004495a9",
    "hash": "fd74c29a85ee1f39376c8d2e743a723bedbd3d28"
  },
  "D:\\bank-Acc\\src\\app\\auth\\login\\login.component.ts": {
    "path": "D:\\bank-Acc\\src\\app\\auth\\login\\login.component.ts",
    "statementMap": {
      "0": {
        "start": {
          "line": 9,
          "column": 12
        },
        "end": {
          "line": 13,
          "column": 1
        }
      },
      "1": {
        "start": {
          "line": 10,
          "column": 2
        },
        "end": {
          "line": 12,
          "column": 4
        }
      },
      "2": {
        "start": {
          "line": 14,
          "column": 41
        },
        "end": {
          "line": 93,
          "column": 4
        }
      },
      "3": {
        "start": {
          "line": 17,
          "column": 6
        },
        "end": {
          "line": 17,
          "column": 19
        }
      },
      "4": {
        "start": {
          "line": 18,
          "column": 6
        },
        "end": {
          "line": 18,
          "column": 37
        }
      },
      "5": {
        "start": {
          "line": 19,
          "column": 6
        },
        "end": {
          "line": 19,
          "column": 31
        }
      },
      "6": {
        "start": {
          "line": 20,
          "column": 6
        },
        "end": {
          "line": 20,
          "column": 27
        }
      },
      "7": {
        "start": {
          "line": 21,
          "column": 6
        },
        "end": {
          "line": 21,
          "column": 29
        }
      },
      "8": {
        "start": {
          "line": 22,
          "column": 6
        },
        "end": {
          "line": 25,
          "column": 9
        }
      },
      "9": {
        "start": {
          "line": 29,
          "column": 6
        },
        "end": {
          "line": 29,
          "column": 37
        }
      },
      "10": {
        "start": {
          "line": 32,
          "column": 6
        },
        "end": {
          "line": 32,
          "column": 28
        }
      },
      "11": {
        "start": {
          "line": 33,
          "column": 6
        },
        "end": {
          "line": 42,
          "column": 7
        }
      },
      "12": {
        "start": {
          "line": 34,
          "column": 8
        },
        "end": {
          "line": 39,
          "column": 11
        }
      },
      "13": {
        "start": {
          "line": 35,
          "column": 10
        },
        "end": {
          "line": 38,
          "column": 11
        }
      },
      "14": {
        "start": {
          "line": 36,
          "column": 12
        },
        "end": {
          "line": 36,
          "column": 51
        }
      },
      "15": {
        "start": {
          "line": 37,
          "column": 12
        },
        "end": {
          "line": 37,
          "column": 44
        }
      },
      "16": {
        "start": {
          "line": 41,
          "column": 8
        },
        "end": {
          "line": 41,
          "column": 39
        }
      },
      "17": {
        "start": {
          "line": 45,
          "column": 2
        },
        "end": {
          "line": 47,
          "column": 4
        }
      },
      "18": {
        "start": {
          "line": 46,
          "column": 4
        },
        "end": {
          "line": 46,
          "column": 185
        }
      },
      "19": {
        "start": {
          "line": 48,
          "column": 2
        },
        "end": {
          "line": 91,
          "column": 5
        }
      },
      "20": {
        "start": {
          "line": 55,
          "column": 6
        },
        "end": {
          "line": 79,
          "column": 7
        }
      },
      "21": {
        "start": {
          "line": 56,
          "column": 8
        },
        "end": {
          "line": 56,
          "column": 38
        }
      },
      "22": {
        "start": {
          "line": 57,
          "column": 8
        },
        "end": {
          "line": 57,
          "column": 40
        }
      },
      "23": {
        "start": {
          "line": 58,
          "column": 8
        },
        "end": {
          "line": 58,
          "column": 30
        }
      },
      "24": {
        "start": {
          "line": 59,
          "column": 8
        },
        "end": {
          "line": 59,
          "column": 35
        }
      },
      "25": {
        "start": {
          "line": 60,
          "column": 8
        },
        "end": {
          "line": 60,
          "column": 30
        }
      },
      "26": {
        "start": {
          "line": 61,
          "column": 8
        },
        "end": {
          "line": 61,
          "column": 26
        }
      },
      "27": {
        "start": {
          "line": 62,
          "column": 8
        },
        "end": {
          "line": 62,
          "column": 53
        }
      },
      "28": {
        "start": {
          "line": 63,
          "column": 8
        },
        "end": {
          "line": 65,
          "column": 11
        }
      },
      "29": {
        "start": {
          "line": 64,
          "column": 10
        },
        "end": {
          "line": 64,
          "column": 49
        }
      },
      "30": {
        "start": {
          "line": 66,
          "column": 8
        },
        "end": {
          "line": 66,
          "column": 54
        }
      },
      "31": {
        "start": {
          "line": 67,
          "column": 8
        },
        "end": {
          "line": 67,
          "column": 30
        }
      },
      "32": {
        "start": {
          "line": 68,
          "column": 8
        },
        "end": {
          "line": 68,
          "column": 26
        }
      },
      "33": {
        "start": {
          "line": 69,
          "column": 8
        },
        "end": {
          "line": 69,
          "column": 37
        }
      },
      "34": {
        "start": {
          "line": 70,
          "column": 8
        },
        "end": {
          "line": 70,
          "column": 26
        }
      },
      "35": {
        "start": {
          "line": 71,
          "column": 8
        },
        "end": {
          "line": 71,
          "column": 56
        }
      },
      "36": {
        "start": {
          "line": 72,
          "column": 8
        },
        "end": {
          "line": 72,
          "column": 34
        }
      },
      "37": {
        "start": {
          "line": 73,
          "column": 8
        },
        "end": {
          "line": 73,
          "column": 26
        }
      },
      "38": {
        "start": {
          "line": 74,
          "column": 8
        },
        "end": {
          "line": 74,
          "column": 37
        }
      },
      "39": {
        "start": {
          "line": 75,
          "column": 8
        },
        "end": {
          "line": 75,
          "column": 26
        }
      },
      "40": {
        "start": {
          "line": 76,
          "column": 8
        },
        "end": {
          "line": 76,
          "column": 57
        }
      },
      "41": {
        "start": {
          "line": 77,
          "column": 8
        },
        "end": {
          "line": 77,
          "column": 32
        }
      },
      "42": {
        "start": {
          "line": 78,
          "column": 8
        },
        "end": {
          "line": 78,
          "column": 34
        }
      },
      "43": {
        "start": {
          "line": 80,
          "column": 6
        },
        "end": {
          "line": 87,
          "column": 7
        }
      },
      "44": {
        "start": {
          "line": 81,
          "column": 8
        },
        "end": {
          "line": 81,
          "column": 24
        }
      },
      "45": {
        "start": {
          "line": 82,
          "column": 8
        },
        "end": {
          "line": 82,
          "column": 50
        }
      },
      "46": {
        "start": {
          "line": 83,
          "column": 8
        },
        "end": {
          "line": 83,
          "column": 24
        }
      },
      "47": {
        "start": {
          "line": 84,
          "column": 8
        },
        "end": {
          "line": 84,
          "column": 240
        }
      },
      "48": {
        "start": {
          "line": 85,
          "column": 8
        },
        "end": {
          "line": 85,
          "column": 24
        }
      },
      "49": {
        "start": {
          "line": 86,
          "column": 8
        },
        "end": {
          "line": 86,
          "column": 179
        }
      },
      "50": {
        "start": {
          "line": 92,
          "column": 2
        },
        "end": {
          "line": 92,
          "column": 24
        }
      }
    },
    "fnMap": {
      "0": {
        "name": "(anonymous_0)",
        "decl": {
          "start": {
            "line": 9,
            "column": 12
          },
          "end": {
            "line": 9,
            "column": 13
          }
        },
        "loc": {
          "start": {
            "line": 9,
            "column": 26
          },
          "end": {
            "line": 13,
            "column": 1
          }
        },
        "line": 9
      },
      "1": {
        "name": "(anonymous_1)",
        "decl": {
          "start": {
            "line": 14,
            "column": 42
          },
          "end": {
            "line": 14,
            "column": 43
          }
        },
        "loc": {
          "start": {
            "line": 14,
            "column": 48
          },
          "end": {
            "line": 93,
            "column": 1
          }
        },
        "line": 14
      },
      "2": {
        "name": "(anonymous_2)",
        "decl": {
          "start": {
            "line": 16,
            "column": 4
          },
          "end": {
            "line": 16,
            "column": 5
          }
        },
        "loc": {
          "start": {
            "line": 16,
            "column": 51
          },
          "end": {
            "line": 26,
            "column": 5
          }
        },
        "line": 16
      },
      "3": {
        "name": "(anonymous_3)",
        "decl": {
          "start": {
            "line": 27,
            "column": 4
          },
          "end": {
            "line": 27,
            "column": 5
          }
        },
        "loc": {
          "start": {
            "line": 27,
            "column": 15
          },
          "end": {
            "line": 27,
            "column": 17
          }
        },
        "line": 27
      },
      "4": {
        "name": "(anonymous_4)",
        "decl": {
          "start": {
            "line": 28,
            "column": 4
          },
          "end": {
            "line": 28,
            "column": 5
          }
        },
        "loc": {
          "start": {
            "line": 28,
            "column": 12
          },
          "end": {
            "line": 30,
            "column": 5
          }
        },
        "line": 28
      },
      "5": {
        "name": "(anonymous_5)",
        "decl": {
          "start": {
            "line": 31,
            "column": 4
          },
          "end": {
            "line": 31,
            "column": 5
          }
        },
        "loc": {
          "start": {
            "line": 31,
            "column": 17
          },
          "end": {
            "line": 43,
            "column": 5
          }
        },
        "line": 31
      },
      "6": {
        "name": "(anonymous_6)",
        "decl": {
          "start": {
            "line": 34,
            "column": 71
          },
          "end": {
            "line": 34,
            "column": 72
          }
        },
        "loc": {
          "start": {
            "line": 34,
            "column": 82
          },
          "end": {
            "line": 39,
            "column": 9
          }
        },
        "line": 34
      },
      "7": {
        "name": "LoginComponent_Factory",
        "decl": {
          "start": {
            "line": 45,
            "column": 33
          },
          "end": {
            "line": 45,
            "column": 55
          }
        },
        "loc": {
          "start": {
            "line": 45,
            "column": 59
          },
          "end": {
            "line": 47,
            "column": 3
          }
        },
        "line": 45
      },
      "8": {
        "name": "LoginComponent_Template",
        "decl": {
          "start": {
            "line": 54,
            "column": 23
          },
          "end": {
            "line": 54,
            "column": 46
          }
        },
        "loc": {
          "start": {
            "line": 54,
            "column": 56
          },
          "end": {
            "line": 88,
            "column": 5
          }
        },
        "line": 54
      },
      "9": {
        "name": "LoginComponent_Template_form_ngSubmit_6_listener",
        "decl": {
          "start": {
            "line": 63,
            "column": 43
          },
          "end": {
            "line": 63,
            "column": 91
          }
        },
        "loc": {
          "start": {
            "line": 63,
            "column": 94
          },
          "end": {
            "line": 65,
            "column": 9
          }
        },
        "line": 63
      }
    },
    "branchMap": {
      "0": {
        "loc": {
          "start": {
            "line": 33,
            "column": 6
          },
          "end": {
            "line": 42,
            "column": 7
          }
        },
        "type": "if",
        "locations": [
          {
            "start": {
              "line": 33,
              "column": 6
            },
            "end": {
              "line": 42,
              "column": 7
            }
          },
          {
            "start": {
              "line": 33,
              "column": 6
            },
            "end": {
              "line": 42,
              "column": 7
            }
          }
        ],
        "line": 33
      },
      "1": {
        "loc": {
          "start": {
            "line": 35,
            "column": 10
          },
          "end": {
            "line": 38,
            "column": 11
          }
        },
        "type": "if",
        "locations": [
          {
            "start": {
              "line": 35,
              "column": 10
            },
            "end": {
              "line": 38,
              "column": 11
            }
          },
          {
            "start": {
              "line": 35,
              "column": 10
            },
            "end": {
              "line": 38,
              "column": 11
            }
          }
        ],
        "line": 35
      },
      "2": {
        "loc": {
          "start": {
            "line": 46,
            "column": 16
          },
          "end": {
            "line": 46,
            "column": 35
          }
        },
        "type": "binary-expr",
        "locations": [
          {
            "start": {
              "line": 46,
              "column": 16
            },
            "end": {
              "line": 46,
              "column": 17
            }
          },
          {
            "start": {
              "line": 46,
              "column": 21
            },
            "end": {
              "line": 46,
              "column": 35
            }
          }
        ],
        "line": 46
      },
      "3": {
        "loc": {
          "start": {
            "line": 55,
            "column": 6
          },
          "end": {
            "line": 79,
            "column": 7
          }
        },
        "type": "if",
        "locations": [
          {
            "start": {
              "line": 55,
              "column": 6
            },
            "end": {
              "line": 79,
              "column": 7
            }
          },
          {
            "start": {
              "line": 55,
              "column": 6
            },
            "end": {
              "line": 79,
              "column": 7
            }
          }
        ],
        "line": 55
      },
      "4": {
        "loc": {
          "start": {
            "line": 80,
            "column": 6
          },
          "end": {
            "line": 87,
            "column": 7
          }
        },
        "type": "if",
        "locations": [
          {
            "start": {
              "line": 80,
              "column": 6
            },
            "end": {
              "line": 87,
              "column": 7
            }
          },
          {
            "start": {
              "line": 80,
              "column": 6
            },
            "end": {
              "line": 87,
              "column": 7
            }
          }
        ],
        "line": 80
      },
      "5": {
        "loc": {
          "start": {
            "line": 84,
            "column": 60
          },
          "end": {
            "line": 84,
            "column": 237
          }
        },
        "type": "binary-expr",
        "locations": [
          {
            "start": {
              "line": 84,
              "column": 61
            },
            "end": {
              "line": 84,
              "column": 74
            }
          },
          {
            "start": {
              "line": 84,
              "column": 78
            },
            "end": {
              "line": 84,
              "column": 97
            }
          },
          {
            "start": {
              "line": 84,
              "column": 104
            },
            "end": {
              "line": 84,
              "column": 167
            }
          },
          {
            "start": {
              "line": 84,
              "column": 173
            },
            "end": {
              "line": 84,
              "column": 235
            }
          }
        ],
        "line": 84
      },
      "6": {
        "loc": {
          "start": {
            "line": 84,
            "column": 104
          },
          "end": {
            "line": 84,
            "column": 167
          }
        },
        "type": "cond-expr",
        "locations": [
          {
            "start": {
              "line": 84,
              "column": 133
            },
            "end": {
              "line": 84,
              "column": 137
            }
          },
          {
            "start": {
              "line": 84,
              "column": 140
            },
            "end": {
              "line": 84,
              "column": 167
            }
          }
        ],
        "line": 84
      },
      "7": {
        "loc": {
          "start": {
            "line": 84,
            "column": 173
          },
          "end": {
            "line": 84,
            "column": 235
          }
        },
        "type": "cond-expr",
        "locations": [
          {
            "start": {
              "line": 84,
              "column": 202
            },
            "end": {
              "line": 84,
              "column": 206
            }
          },
          {
            "start": {
              "line": 84,
              "column": 209
            },
            "end": {
              "line": 84,
              "column": 235
            }
          }
        ],
        "line": 84
      },
      "8": {
        "loc": {
          "start": {
            "line": 86,
            "column": 60
          },
          "end": {
            "line": 86,
            "column": 176
          }
        },
        "type": "binary-expr",
        "locations": [
          {
            "start": {
              "line": 86,
              "column": 61
            },
            "end": {
              "line": 86,
              "column": 74
            }
          },
          {
            "start": {
              "line": 86,
              "column": 78
            },
            "end": {
              "line": 86,
              "column": 100
            }
          },
          {
            "start": {
              "line": 86,
              "column": 106
            },
            "end": {
              "line": 86,
              "column": 175
            }
          }
        ],
        "line": 86
      },
      "9": {
        "loc": {
          "start": {
            "line": 86,
            "column": 106
          },
          "end": {
            "line": 86,
            "column": 175
          }
        },
        "type": "cond-expr",
        "locations": [
          {
            "start": {
              "line": 86,
              "column": 138
            },
            "end": {
              "line": 86,
              "column": 142
            }
          },
          {
            "start": {
              "line": 86,
              "column": 145
            },
            "end": {
              "line": 86,
              "column": 175
            }
          }
        ],
        "line": 86
      }
    },
    "s": {
      "0": 4,
      "1": 4,
      "2": 4,
      "3": 1,
      "4": 1,
      "5": 1,
      "6": 1,
      "7": 1,
      "8": 1,
      "9": 109,
      "10": 1,
      "11": 1,
      "12": 1,
      "13": 0,
      "14": 0,
      "15": 0,
      "16": 0,
      "17": 4,
      "18": 1,
      "19": 4,
      "20": 45,
      "21": 1,
      "22": 1,
      "23": 1,
      "24": 1,
      "25": 1,
      "26": 1,
      "27": 1,
      "28": 1,
      "29": 1,
      "30": 1,
      "31": 1,
      "32": 1,
      "33": 1,
      "34": 1,
      "35": 1,
      "36": 1,
      "37": 1,
      "38": 1,
      "39": 1,
      "40": 1,
      "41": 1,
      "42": 1,
      "43": 45,
      "44": 44,
      "45": 44,
      "46": 44,
      "47": 44,
      "48": 44,
      "49": 44,
      "50": 4
    },
    "f": {
      "0": 4,
      "1": 4,
      "2": 1,
      "3": 1,
      "4": 109,
      "5": 1,
      "6": 0,
      "7": 1,
      "8": 45,
      "9": 1
    },
    "b": {
      "0": [
        1,
        0
      ],
      "1": [
        0,
        0
      ],
      "2": [
        1,
        1
      ],
      "3": [
        1,
        44
      ],
      "4": [
        44,
        1
      ],
      "5": [
        44,
        40,
        12,
        12
      ],
      "6": [
        12,
        0
      ],
      "7": [
        12,
        0
      ],
      "8": [
        44,
        40,
        5
      ],
      "9": [
        5,
        0
      ]
    },
    "inputSourceMap": {
      "version": 3,
      "mappings": "AACA,SAAiCA,UAAU,QAAQ,gBAAgB;;;;;;;;;;;;;AASnE,WAAaC,cAAc;EAArB,MAAOA,cAAc;IAGzBC,YACUC,EAAe,EACfC,WAAuB,EACvBC,QAAuB,EACvBC,MAAe;MAHf,OAAE,GAAFH,EAAE;MACF,gBAAW,GAAXC,WAAW;MACX,aAAQ,GAARC,QAAQ;MACR,WAAM,GAANC,MAAM;MANhB,cAAS,GAAY,KAAK;MAQxB,IAAI,CAACC,SAAS,GAAGJ,EAAE,CAACK,KAAK,CAAC;QACxBC,KAAK,EAAE,CACL,EAAE,EACF,CACET,UAAU,CAACU,QAAQ,EACnBV,UAAU,CAACW,OAAO,CAAC,yCAAyC,CAAC,CAC9D,CACF;QACDC,QAAQ,EAAE,CAAC,EAAE,EAAEZ,UAAU,CAACU,QAAQ;OACnC,CAAC;IACJ;IACAG,QAAQ,IAAU;IAClB,IAAIC,CAAC;MACH,OAAO,IAAI,CAACP,SAAS,CAACQ,QAAQ;IAChC;IACAC,MAAM,CAACC,IAAY;MACjB,IAAI,CAACC,SAAS,GAAG,IAAI;MACrB,IAAID,IAAI,EAAE;QACR,IAAI,CAACb,WAAW,CACbe,IAAI,CAAC,OAAO,EAAE,IAAI,CAACZ,SAAS,CAACa,KAAK,CAAC,CACnCC,SAAS,CAAEC,OAAY,IAAI;UAC1B,IAAIA,OAAO,EAAE;YACX,IAAI,CAACjB,QAAQ,CAACkB,OAAO,CAACD,OAAO,CAACE,OAAO,CAAC;YAC1C,IAAI,CAAClB,MAAM,CAACmB,QAAQ,CAAC,CAAC,OAAO,CAAC,CAAC;;QAE/B,CAAC,CAAC;OACL,MAAK;QACJC,KAAK,CAAC,uBAAuB,CAAC;;IAElC;;EAtCWzB,cAAc;qBAAdA,cAAc;EAAA;EAAdA,cAAc;UAAdA,cAAc;IAAA0B;IAAAC;IAAAC;IAAAC;IAAAC;MAAA;QCV3BC,6BAAyB;QAEzBA,+BAAS;QACLA,qBAAK;QACLA,0BAAI;QAAAA,qBAAK;QAAAA,iBAAK;QACdA,8BAA0B;QAGgBA;UAAA,OAAYC,+BAAuB;QAAA,EAAC;QAG9DD,8BAAwB;QACDA,qBAAK;QAAAA,iBAAQ;QAChCA,4BACC;QACLA,iBAAM;QACNA,+BAAwB;QACEA,yBAAQ;QAAAA,iBAAQ;QACtCA,4BAGK;QACTA,iBAAM;QACNA,+BAAwB;QAC2BA,uBAAM;QAAAA,iBAAS;;;QAhBhEA,eAAuB;QAAvBA,yCAAuB;QAK4DA,eAAmH;QAAnHA,uOAAmH;QAK5HA,eAGpE;QAHoEA,0KAGpE;;;;;;SDXf/B,cAAc;AAAA",
      "names": [
        "Validators",
        "LoginComponent",
        "constructor",
        "fb",
        "_appService",
        "_toaster",
        "router",
        "loginForm",
        "group",
        "email",
        "required",
        "pattern",
        "password",
        "ngOnInit",
        "f",
        "controls",
        "submit",
        "form",
        "submitted",
        "post",
        "value",
        "subscribe",
        "userRes",
        "success",
        "message",
        "navigate",
        "alert",
        "selectors",
        "decls",
        "vars",
        "consts",
        "template",
        "i0",
        "ctx"
      ],
      "sourceRoot": "",
      "sources": [
        "D:\\bank-Acc\\src\\app\\auth\\login\\login.component.ts",
        "D:\\bank-Acc\\src\\app\\auth\\login\\login.component.html"
      ],
      "sourcesContent": [
        "import { Component, OnInit } from '@angular/core'\r\nimport { FormBuilder, FormGroup, Validators } from '@angular/forms'\r\nimport { Router } from '@angular/router'\r\nimport { ToastrService } from 'ngx-toastr'\r\nimport { AppService } from 'src/app/services/app.service'\r\n@Component({\r\n  selector: 'app-login',\r\n  templateUrl: './login.component.html',\r\n  styleUrls: ['./login.component.scss'],\r\n})\r\nexport class LoginComponent implements OnInit {\r\n  submitted: boolean = false\r\n  loginForm: FormGroup\r\n  constructor(\r\n    private fb: FormBuilder,\r\n    private _appService: AppService,\r\n    private _toaster: ToastrService,\r\n    private router : Router,\r\n  ) {\r\n    this.loginForm = fb.group({\r\n      email: [\r\n        '',\r\n        [\r\n          Validators.required,\r\n          Validators.pattern('^[a-z0-9._%+-]+@[a-z0-9.-]+.[a-z]{2,4}$'),\r\n        ],\r\n      ],\r\n      password: ['', Validators.required],\r\n    })\r\n  }\r\n  ngOnInit(): void {}\r\n  get f() {\r\n    return this.loginForm.controls\r\n  }\r\n  submit(form:boolean) {\r\n    this.submitted = true\r\n    if (form) {\r\n      this._appService\r\n        .post('login', this.loginForm.value)\r\n        .subscribe((userRes: any) => {\r\n          if (userRes) {\r\n            this._toaster.success(userRes.message)\r\n        this.router.navigate(['/user'])      \r\n          }\r\n        })\r\n    } else{\r\n      alert('Invalid credential!!!')\r\n    }\r\n  }\r\n}\r\n",
[...]
    },
    "branchMap": {
      "0": {
        "loc": {
          "start": {
            "line": 23,
            "column": 6
          },
          "end": {
            "line": 25,
            "column": 7
          }
        },
        "type": "if",
        "locations": [
          {
            "start": {
              "line": 23,
              "column": 6
            },
            "end": {
              "line": 25,
              "column": 7
            }
          },
          {
            "start": {
              "line": 23,
              "column": 6
            },
            "end": {
              "line": 25,
              "column": 7
            }
          }
        ],
        "line": 23
      },
      "1": {
        "loc": {
          "start": {
            "line": 34,
            "column": 16
          },
          "end": {
            "line": 34,
            "column": 37
          }
        },
        "type": "binary-expr",
        "locations": [
          {
            "start": {
              "line": 34,
              "column": 16
            },
            "end": {
              "line": 34,
              "column": 17
            }
          },
          {
            "start": {
              "line": 34,
              "column": 21
            },
            "end": {
              "line": 34,
              "column": 37
            }
          }
        ],
        "line": 34
      },
      "2": {
        "loc": {
          "start": {
            "line": 43,
            "column": 6
          },
          "end": {
            "line": 76,
            "column": 7
          }
        },
        "type": "if",
        "locations": [
          {
            "start": {
              "line": 43,
              "column": 6
            },
            "end": {
              "line": 76,
              "column": 7
            }
          },
          {
            "start": {
              "line": 43,
              "column": 6
            },
            "end": {
              "line": 76,
              "column": 7
            }
          }
        ],
        "line": 43
      },
      "3": {
        "loc": {
          "start": {
            "line": 77,
            "column": 6
          },
          "end": {
            "line": 80,
            "column": 7
          }
        },
        "type": "if",
        "locations": [
          {
            "start": {
              "line": 77,
              "column": 6
            },
            "end": {
              "line": 80,
              "column": 7
            }
          },
          {
            "start": {
              "line": 77,
              "column": 6
            },
            "end": {
              "line": 80,
              "column": 7
            }
          }
        ],
        "line": 77
      }
    },
    "s": {
      "0": 2,
      "1": 0,
      "2": 0,
      "3": 0,
      "4": 0,
      "5": 0,
      "6": 0,
      "7": 0,
      "8": 0,
      "9": 0,
      "10": 0,
      "11": 0,
      "12": 0,
      "13": 2,
      "14": 0,
      "15": 2,
      "16": 0,
      "17": 0,
      "18": 0,
      "19": 0,
      "20": 0,
      "21": 0,
      "22": 0,
      "23": 0,
      "24": 0,
      "25": 0,
      "26": 0,
      "27": 0,
      "28": 0,
      "29": 0,
      "30": 0,
      "31": 0,
      "32": 0,
      "33": 0,
      "34": 0,
      "35": 0,
      "36": 0,
      "37": 0,
      "38": 0,
      "39": 0,
      "40": 0,
      "41": 0,
      "42": 0,
      "43": 0,
      "44": 0,
      "45": 0,
      "46": 0,
      "47": 0,
      "48": 0,
      "49": 0,
      "50": 2
    },
    "f": {
      "0": 2,
      "1": 0,
      "2": 0,
      "3": 0,
      "4": 0,
      "5": 0,
      "6": 0,
      "7": 0,
      "8": 0
    },
    "b": {
      "0": [
        0,
        0
      ],
      "1": [
        0,
        0
      ],
      "2": [
        0,
        0
      ],
      "3": [
        0,
        0
      ]
    },
    "inputSourceMap": {
      "version": 3,
      "mappings": "AACA,SAAiCA,WAAW,EAAEC,UAAU,QAAQ,gBAAgB;;;;AAQhF,WAAaC,gBAAgB;EAAvB,MAAOA,gBAAgB;IAK3BC,YAAoBC,EAAe,EACzBC,WAAuB;MADb,OAAE,GAAFD,EAAE;MACZ,gBAAW,GAAXC,WAAW;MAJrB,QAAG,GAAU,EAAE;MAMb,IAAI,CAACC,WAAW,GAAGF,EAAE,CAACG,KAAK,CAAC;QAC1BC,UAAU,EAAE,IAAIR,WAAW,CAAC,EAAE,EAAEC,UAAU,CAACQ,QAAQ,CAAC;QACpDC,SAAS,EAAE,IAAIV,WAAW,CAAC,EAAE,EAAEC,UAAU,CAACQ,QAAQ,CAAC;QACnDE,KAAK,EAAE,IAAIX,WAAW,CAAC,EAAE,EAAE,CACzBC,UAAU,CAACQ,QAAQ,EACnBR,UAAU,CAACW,OAAO,CAAC,yCAAyC,CAAC,CAC9D,CAAC;QACFC,MAAM,EAAG,IAAIb,WAAW,CAAC,EAAE;OAC5B,CAAC;IACJ;IACAc,aAAa,CAACC,IAAY;MACxBC,OAAO,CAACC,GAAG,CAACF,IAAI,CAAC;IACnB;IACAG,WAAW,CAACC,KAAY;MACtB,MAAMC,KAAK,GAAGD,KAAK,CAACE,MAA0B;MAC9C,IAAI,CAACD,KAAK,CAACE,KAAK,EAAEC,MAAM,EAAE;QACtB;;MAEF,MAAMC,IAAI,GAAGJ,KAAK,CAACE,KAAK,CAAC,CAAC,CAAC;MAC3BN,OAAO,CAACC,GAAG,CAACO,IAAI,CAAC;MACjB,IAAI,CAACnB,WAAW,CAACoB,UAAU,CAACD,IAAI,CAAC,CAACE,SAAS,CAAEC,GAAG,IAAG;QACjDX,OAAO,CAACC,GAAG,CAACU,GAAG,CAAC;MACpB,CAAC,CACA;IAEL;;EAjCazB,gBAAgB;qBAAhBA,gBAAgB;EAAA;EAAhBA,gBAAgB;UAAhBA,gBAAgB;IAAA0B;IAAAC;IAAAC;IAAAC;IAAAC;MAAA;QCR7BC,+BAAS;QACLA,qBAAK;QACLA,8BAA0B;QAGkBA;UAAA,OAAYC,wCAAgC;QAAA,EAAC;QACzED,8BAAwB;QACDA,0BAAU;QAAAA,iBAAQ;QACrCA,2BAAqE;QACzEA,iBAAM;QACNA,8BAAwB;QACDA,0BAAS;QAAAA,iBAAQ;QACpCA,4BAAoE;QACxEA,iBAAM;QAENA,+BAAwB;QACDA,sBAAK;QAAAA,iBAAQ;QAChCA,4BAAgE;QACpEA,iBAAM;QAENA,+BAAwB;QACDA,uBAAM;QAAAA,iBAAQ;QACjCA,iCAAgG;QAApDA;UAAA,OAAUC,uBAAmB;QAAA,EAAC;QAA1ED,iBAAgG;QAGpGA,+BAAwB;QAC2BA,uBAAM;QAAAA,iBAAS;;;QArBhEA,eAAyB;QAAzBA,2CAAyB;;;;;SDGlC/B,gBAAgB;AAAA",
      "names": [
        "FormControl",
        "Validators",
        "AddUserComponent",
        "constructor",
        "fb",
        "_appService",
        "addUserForm",
        "group",
        "first_name",
        "required",
        "last_name",
        "email",
        "pattern",
        "avatar",
        "AdduserSubmit",
        "form",
        "console",
        "log",
        "setFormData",
        "event",
        "input",
        "target",
        "files",
        "length",
        "file",
        "uploadFile",
        "subscribe",
        "res",
        "selectors",
        "decls",
        "vars",
        "consts",
        "template",
        "i0",
        "ctx"
      ],
      "sourceRoot": "",
      "sources": [
        "D:\\bank-Acc\\src\\app\\base\\users\\add-user\\add-user.component.ts",
        "D:\\bank-Acc\\src\\app\\base\\users\\add-user\\add-user.component.html"
      ],
      "sourcesContent": [
        "import { Component } from '@angular/core'\r\nimport { FormGroup, FormBuilder, FormControl, Validators } from '@angular/forms'\r\nimport { AppService } from 'src/app/services/app.service';\r\n\r\n@Component({\r\n  selector: 'app-add-user',\r\n  templateUrl: './add-user.component.html',\r\n  styleUrls: ['./add-user.component.scss']\r\n})\r\nexport class AddUserComponent {\r\n  addUserForm: FormGroup\r\n  tab:string = '';\r\n  selectedFiles: FileList | any;\r\n  currentFileUpload: File | any;\r\n  constructor(private fb: FormBuilder,    \r\n    private _appService: AppService,\r\n    ) {\r\n    this.addUserForm = fb.group({\r\n      first_name: new FormControl('', Validators.required),\r\n      last_name: new FormControl('', Validators.required),\r\n      email: new FormControl('', [\r\n        Validators.required,\r\n        Validators.pattern('^[a-z0-9._%+-]+@[a-z0-9.-]+.[a-z]{2,4}$'),\r\n      ]),\r\n      avatar : new FormControl('')\r\n    })\r\n  }\r\n  AdduserSubmit(form:boolean){\r\n    console.log(form);\r\n  }\r\n  setFormData(event: Event) {\r\n    const input = event.target as HTMLInputElement;\r\n    if (!input.files?.length) {\r\n        return;\r\n    }\r\n      const file = input.files[0];\r\n      console.log(file);\r\n      this._appService.uploadFile(file).subscribe((res)=>{\r\n        console.log(res);\r\n    }\r\n    )\r\n      \r\n}\r\n}\r\n",
        "\r\n<section>\r\n    <hr/>\r\n    <div class=\"form-section\">\r\n        \r\n  \r\n                <form [formGroup]=\"addUserForm\" (ngSubmit)=\"AdduserSubmit(addUserForm.valid)\">\r\n                    <div class=\"form-group\">\r\n                        <label for=\"fName\">First Name</label>\r\n                        <input type=\"text\" formControlName=\"first_name\" class=\"form-control\">\r\n                    </div>\r\n                    <div class=\"form-group\">\r\n                        <label for=\"lName\">Last Name</label>\r\n                        <input type=\"text\" formControlName=\"last_name\" class=\"form-control\">\r\n                    </div>\r\n                \r\n                    <div class=\"form-group\">\r\n                        <label for=\"email\">Email</label>\r\n                        <input type=\"text\" formControlName=\"email\" class=\"form-control\">\r\n                    </div>\r\n\r\n                    <div class=\"form-group\">\r\n                        <label for=\"email\">Avatar</label>\r\n                        <input type=\"file\" formControlName=\"avatar\" (change)=\"setFormData($event)\" class=\"form-control\">\r\n                    </div>\r\n                    \r\n                    <div class=\"form-group\">\r\n                        <button class=\"btn btn-success\"  type=\"submit\">Submit</button>\r\n                    </div>    \r\n                </form>\r\n            \r\n    \r\n        \r\n    </div>\r\n    \r\n    \r\n    </section>"
      ]
    },
    "_coverageSchema": "1a1c01bbd47fc00a2c39e90264f33305004495a9",
    "hash": "337f07dbe1c6e4720bf55b897f1d56719e2d6835"
  },
  "D:\\bank-Acc\\src\\app\\base\\base-routing.module.ts": {
    "path": "D:\\bank-Acc\\src\\app\\base\\base-routing.module.ts",
    "statementMap": {
      "0": {
        "start": {
          "line": 9,
          "column": 15
        },
        "end": {
          "line": 25,
          "column": 2
        }
      },
      "1": {
        "start": {
          "line": 26,
          "column": 44
        },
        "end": {
          "line": 38,
          "column": 4
        }
      },
      "2": {
        "start": {
          "line": 28,
          "column": 2
        },
        "end": {
          "line": 30,
          "column": 4
        }
      },
      "3": {
        "start": {
          "line": 29,
          "column": 4
        },
        "end": {
          "line": 29,
          "column": 42
        }
      },
      "4": {
        "start": {
          "line": 31,
          "column": 2
        },
        "end": {
          "line": 33,
          "column": 5
        }
      },
      "5": {
        "start": {
          "line": 34,
          "column": 2
        },
        "end": {
          "line": 36,
          "column": 5
        }
      },
      "6": {
        "start": {
          "line": 37,
          "column": 2
        },
        "end": {
          "line": 37,
          "column": 27
        }
      }
    },
    "fnMap": {
      "0": {
        "name": "(anonymous_0)",
        "decl": {
          "start": {
            "line": 26,
            "column": 45
          },
          "end": {
            "line": 26,
            "column": 46
          }
        },
        "loc": {
          "start": {
            "line": 26,
            "column": 51
          },
          "end": {
            "line": 38,
            "column": 1
          }
        },
        "line": 26
      },
      "1": {
        "name": "BaseRoutingModule_Factory",
        "decl": {
          "start": {
            "line": 28,
            "column": 36
          },
          "end": {
            "line": 28,
            "column": 61
          }
        },
        "loc": {
          "start": {
            "line": 28,
            "column": 65
          },
          "end": {
            "line": 30,
            "column": 3
          }
        },
        "line": 28
      }
    },
    "branchMap": {
      "0": {
        "loc": {
          "start": {
            "line": 29,
            "column": 16
          },
          "end": {
            "line": 29,
            "column": 38
          }
        },
        "type": "binary-expr",
        "locations": [
          {
            "start": {
              "line": 29,
              "column": 16
            },
            "end": {
              "line": 29,
              "column": 17
            }
          },
          {
            "start": {
              "line": 29,
              "column": 21
            },
            "end": {
              "line": 29,
              "column": 38
            }
          }
        ],
        "line": 29
      }
    },
    "s": {
      "0": 2,
      "1": 2,
      "2": 2,
      "3": 2,
      "4": 2,
      "5": 2,
      "6": 2
    },
    "f": {
      "0": 2,
      "1": 2
    },
    "b": {
      "0": [
        2,
        2
      ]
    },
    "inputSourceMap": {
      "version": 3,
      "mappings": "AACA,SAASA,YAAY,QAAgB,iBAAiB;AACtD,SAASC,aAAa,QAAQ,uBAAuB;AACrD,SAASC,aAAa,QAAQ,6BAA6B;AAC3D,SAASC,aAAa,QAAQ,uBAAuB;AACrD,SAASC,gBAAgB,QAAQ,6BAA6B;AAC9D,SAASC,gBAAgB,QAAQ,qCAAqC;;;AAEtE,MAAMC,MAAM,GAAW,CACrB;EACEC,IAAI,EAAE,EAAE;EACRC,SAAS,EAAEP,aAAa;EACxBQ,QAAQ,EAAE,CACR;IACEF,IAAI,EAAE,MAAM;IACZC,SAAS,EAAEN;GACZ,EACD;IACEK,IAAI,EAAC,UAAU;IACfC,SAAS,EAACH;GACX,EACD;IACEE,IAAI,EAAE,MAAM;IACZC,SAAS,EAAEL;GACZ,EACD;IACEI,IAAI,EAAE,SAAS;IACfC,SAAS,EAAEJ;GACZ;CAEJ,CACF;AAMD,WAAaM,iBAAiB;EAAxB,MAAOA,iBAAiB;EAAjBA,iBAAiB;qBAAjBA,iBAAiB;EAAA;EAAjBA,iBAAiB;UAAjBA;EAAiB;EAAjBA,iBAAiB;cAHlBV,YAAY,CAACW,QAAQ,CAACL,MAAM,CAAC,EAC7BN,YAAY;EAAA;EAAA,OAEXU,iBAAiB;AAAA",
      "names": [
        "RouterModule",
        "BaseComponent",
        "UserComponent",
        "PostComponent",
        "ProductComponent",
        "AddUserComponent",
        "routes",
        "path",
        "component",
        "children",
        "BaseRoutingModule",
        "forChild"
      ],
      "sourceRoot": "",
      "sources": [
        "D:\\bank-Acc\\src\\app\\base\\base-routing.module.ts"
      ],
      "sourcesContent": [
        "import { NgModule } from '@angular/core'\r\nimport { RouterModule, Routes } from '@angular/router'\r\nimport { BaseComponent } from './base/base.component'\r\nimport { UserComponent } from './users/user/user.component'\r\nimport { PostComponent } from './post/post.component'\r\nimport { ProductComponent } from './product/product.component'\r\nimport { AddUserComponent } from './users/add-user/add-user.component'\r\n\r\nconst routes: Routes = [\r\n  {\r\n    path: '',\r\n    component: BaseComponent,\r\n    children: [\r\n      {\r\n        path: 'user',\r\n        component: UserComponent,\r\n      },\r\n      {\r\n        path:'add-user',\r\n        component:AddUserComponent\r\n      },\r\n      {\r\n        path: 'post',\r\n        component: PostComponent,\r\n      },\r\n      {\r\n        path: 'product',\r\n        component: ProductComponent,\r\n      },\r\n    ],\r\n  },\r\n]\r\n\r\n@NgModule({\r\n  imports: [RouterModule.forChild(routes)],\r\n  exports: [RouterModule],\r\n})\r\nexport class BaseRoutingModule {}\r\n"
      ]
    },
    "_coverageSchema": "1a1c01bbd47fc00a2c39e90264f33305004495a9",
    "hash": "b70b658860368591a7501842c89ab5c14f8e5198"
  },
  "D:\\bank-Acc\\src\\app\\base\\base.module.ts": {
    "path": "D:\\bank-Acc\\src\\app\\base\\base.module.ts",
    "statementMap": {
      "0": {
        "start": {
          "line": 6,
          "column": 37
        },
        "end": {
          "line": 18,
          "column": 4
        }
      },
      "1": {
        "start": {
          "line": 8,
          "column": 2
        },
        "end": {
          "line": 10,
          "column": 4
        }
      },
      "2": {
        "start": {
          "line": 9,
          "column": 4
        },
        "end": {
          "line": 9,
          "column": 35
        }
      },
      "3": {
        "start": {
          "line": 11,
          "column": 2
        },
        "end": {
          "line": 13,
          "column": 5
        }
      },
      "4": {
        "start": {
          "line": 14,
          "column": 2
        },
        "end": {
          "line": 16,
          "column": 5
        }
      },
      "5": {
        "start": {
          "line": 17,
          "column": 2
        },
        "end": {
          "line": 17,
          "column": 20
        }
      }
    },
    "fnMap": {
      "0": {
        "name": "(anonymous_0)",
        "decl": {
          "start": {
            "line": 6,
            "column": 38
          },
          "end": {
            "line": 6,
            "column": 39
          }
        },
        "loc": {
          "start": {
            "line": 6,
            "column": 44
          },
          "end": {
            "line": 18,
            "column": 1
          }
        },
        "line": 6
      },
      "1": {
        "name": "BaseModule_Factory",
        "decl": {
          "start": {
            "line": 8,
            "column": 29
          },
          "end": {
            "line": 8,
            "column": 47
          }
        },
        "loc": {
          "start": {
            "line": 8,
            "column": 51
          },
          "end": {
            "line": 10,
            "column": 3
          }
        },
        "line": 8
      }
    },
    "branchMap": {
      "0": {
        "loc": {
          "start": {
            "line": 9,
            "column": 16
          },
          "end": {
            "line": 9,
            "column": 31
          }
        },
        "type": "binary-expr",
        "locations": [
          {
            "start": {
              "line": 9,
              "column": 16
            },
            "end": {
              "line": 9,
              "column": 17
            }
          },
          {
            "start": {
              "line": 9,
              "column": 21
            },
            "end": {
              "line": 9,
              "column": 31
            }
          }
        ],
        "line": 9
      }
    },
    "s": {
      "0": 2,
      "1": 2,
      "2": 2,
      "3": 2,
      "4": 2,
      "5": 2
    },
    "f": {
      "0": 2,
      "1": 2
    },
    "b": {
      "0": [
        2,
        2
      ]
    },
    "inputSourceMap": {
      "version": 3,
      "mappings": "AACA,SAASA,YAAY,QAAQ,iBAAiB;AAC9C,SAASC,mBAAmB,QAAO,gBAAgB;AACnD,SAASC,iBAAiB,QAAQ,uBAAuB;AAEzD,SAASC,gBAAgB,QAAQ,iCAAiC;;AAsBlE,WAAaC,UAAU;EAAjB,MAAOA,UAAU;EAAVA,UAAU;qBAAVA,UAAU;EAAA;EAAVA,UAAU;UAAVA;EAAU;EAAVA,UAAU;cANnBJ,YAAY,EACZE,iBAAiB,EACjBC,gBAAgB,EAChBF,mBAAmB;EAAA;EAAA,OAGVG,UAAU;AAAA",
      "names": [
        "CommonModule",
        "ReactiveFormsModule",
        "BaseRoutingModule",
        "NavigationModule",
        "BaseModule"
      ],
      "sourceRoot": "",
      "sources": [
        "D:\\bank-Acc\\src\\app\\base\\base.module.ts"
      ],
      "sourcesContent": [
        "import { NgModule } from '@angular/core';\r\nimport { CommonModule } from '@angular/common';\r\nimport { ReactiveFormsModule} from '@angular/forms'\r\nimport { BaseRoutingModule } from './base-routing.module';\r\nimport { BaseComponent } from './base/base.component';\r\nimport { NavigationModule } from '../navigation/navigation.module';\r\nimport { UserComponent } from './users/user/user.component';\r\nimport { PostComponent } from './post/post.component';\r\nimport { ProductComponent } from './product/product.component';\r\nimport { AddUserComponent } from './users/add-user/add-user.component';\r\n\r\n\r\n@NgModule({\r\n  declarations: [\r\n    BaseComponent,\r\n    UserComponent,\r\n    PostComponent,\r\n    ProductComponent,\r\n    AddUserComponent\r\n  ],\r\n  imports: [\r\n    CommonModule,\r\n    BaseRoutingModule,\r\n    NavigationModule,\r\n    ReactiveFormsModule\r\n  ]\r\n})\r\nexport class BaseModule { }\r\n"
      ]
    },
    "_coverageSchema": "1a1c01bbd47fc00a2c39e90264f33305004495a9",
    "hash": "1d62fe2dca89aa531f7586e007f4c2162a30fbc3"
  },
  "D:/bank-Acc/cypress.config.ts": {
    "path": "D:/bank-Acc/cypress.config.ts",
    "statementMap": {},
    "fnMap": {},
    "branchMap": {},
    "s": {},
    "f": {},
    "b": {}
  }
}
